<?xml version="1.0" encoding="UTF-8"?>
<coverage generated="1600345528391" clover="3.2.0">
  <project timestamp="1600345528391" name="All files">
    <metrics statements="10" coveredstatements="0" conditionals="2" coveredconditionals="0" methods="5" coveredmethods="0" elements="17" coveredelements="0" complexity="0" loc="10" ncloc="10" packages="1" files="1" classes="1"/>
    <file name="CounterButton.js" path="/Users/spirits/Documents/GitHub/robofriends/src/components/CounterButton.js">
      <metrics statements="10" coveredstatements="0" conditionals="2" coveredconditionals="0" methods="5" coveredmethods="0"/>
      <line num="5" count="0" type="stmt"/>
      <line num="6" count="0" type="stmt"/>
      <line num="11" count="0" type="cond" truecount="0" falsecount="2"/>
      <line num="12" count="0" type="stmt"/>
      <line num="14" count="0" type="stmt"/>
      <line num="16" count="0" type="stmt"/>
      <line num="17" count="0" type="stmt"/>
      <line num="18" count="0" type="stmt"/>
      <line num="22" count="0" type="stmt"/>
      <line num="23" count="0" type="stmt"/>
    </file>
  </project>
</coverage>
